
::1 - - [24/Feb/2023:10:46:32 +0000] "POST /author HTTP/1.1" 200 86 "-" "PostmanRuntime/7.31.1"
::1 - - [24/Feb/2023:10:46:42 +0000] "POST /book HTTP/1.1" 200 145 "-" "PostmanRuntime/7.31.1"
::1 - - [24/Feb/2023:10:46:59 +0000] "PATCH /book/1677235602467 HTTP/1.1" 400 45 "-" "PostmanRuntime/7.31.1"
::1 - - [24/Feb/2023:10:47:09 +0000] "PATCH /book/1677235602467 HTTP/1.1" 200 155 "-" "PostmanRuntime/7.31.1"
::1 - - [24/Feb/2023:11:15:22 +0000] "POST /book HTTP/1.1" 200 144 "-" "PostmanRuntime/7.31.1"
::1 - - [24/Feb/2023:11:16:04 +0000] "POST /book HTTP/1.1" 200 144 "-" "PostmanRuntime/7.31.1"
::1 - - [24/Feb/2023:11:19:32 +0000] "POST /author HTTP/1.1" 200 86 "-" "PostmanRuntime/7.31.1"
::1 - - [24/Feb/2023:11:19:47 +0000] "POST /book HTTP/1.1" 400 42 "-" "PostmanRuntime/7.31.1"
::1 - - [24/Feb/2023:11:19:51 +0000] "POST /book HTTP/1.1" 200 144 "-" "PostmanRuntime/7.31.1"
::1 - - [24/Feb/2023:11:20:22 +0000] "PATCH /book/1677235602467 HTTP/1.1" 404 58 "-" "PostmanRuntime/7.31.1"
::1 - - [24/Feb/2023:11:20:26 +0000] "PATCH /book/1677237591882 HTTP/1.1" 400 45 "-" "PostmanRuntime/7.31.1"
::1 - - [24/Feb/2023:11:20:34 +0000] "PATCH /book/1677237591882 HTTP/1.1" 200 155 "-" "PostmanRuntime/7.31.1"
::1 - - [24/Feb/2023:11:21:05 +0000] "POST /book HTTP/1.1" 200 142 "-" "PostmanRuntime/7.31.1"
::1 - - [24/Feb/2023:11:21:28 +0000] "GET /book HTTP/1.1" 200 179 "-" "PostmanRuntime/7.31.1"
::1 - - [24/Feb/2023:11:21:42 +0000] "POST /book HTTP/1.1" 200 142 "-" "PostmanRuntime/7.31.1"
::1 - - [24/Feb/2023:11:21:46 +0000] "POST /book HTTP/1.1" 200 142 "-" "PostmanRuntime/7.31.1"
::1 - - [24/Feb/2023:11:24:13 +0000] "POST /author HTTP/1.1" 200 86 "-" "PostmanRuntime/7.31.1"
::1 - - [24/Feb/2023:11:24:18 +0000] "POST /book HTTP/1.1" 400 42 "-" "PostmanRuntime/7.31.1"
::1 - - [24/Feb/2023:11:24:23 +0000] "POST /book HTTP/1.1" 200 142 "-" "PostmanRuntime/7.31.1"
::1 - - [24/Feb/2023:11:24:29 +0000] "POST /book HTTP/1.1" 400 38 "-" "PostmanRuntime/7.31.1"
::1 - - [24/Feb/2023:11:24:35 +0000] "POST /book HTTP/1.1" 200 143 "-" "PostmanRuntime/7.31.1"
::1 - - [24/Feb/2023:11:27:03 +0000] "POST /book HTTP/1.1" 400 42 "-" "PostmanRuntime/7.31.1"
::1 - - [24/Feb/2023:11:27:08 +0000] "POST /author HTTP/1.1" 200 86 "-" "PostmanRuntime/7.31.1"
::1 - - [24/Feb/2023:11:27:19 +0000] "PATCH /author/1677226489957 HTTP/1.1" 404 60 "-" "PostmanRuntime/7.31.1"
::1 - - [24/Feb/2023:11:27:25 +0000] "PATCH /author/1677238028010 HTTP/1.1" 200 103 "-" "PostmanRuntime/7.31.1"
::1 - - [24/Feb/2023:11:27:39 +0000] "POST /book HTTP/1.1" 400 42 "-" "PostmanRuntime/7.31.1"
::1 - - [24/Feb/2023:11:27:44 +0000] "POST /book HTTP/1.1" 200 143 "-" "PostmanRuntime/7.31.1"
::1 - - [24/Feb/2023:11:27:47 +0000] "POST /book HTTP/1.1" 400 38 "-" "PostmanRuntime/7.31.1"
::1 - - [24/Feb/2023:11:27:53 +0000] "POST /book HTTP/1.1" 200 142 "-" "PostmanRuntime/7.31.1"
::1 - - [24/Feb/2023:11:28:58 +0000] "POST /author HTTP/1.1" 200 86 "-" "PostmanRuntime/7.31.1"
::1 - - [24/Feb/2023:11:29:05 +0000] "POST /book HTTP/1.1" 200 142 "-" "PostmanRuntime/7.31.1"
::1 - - [24/Feb/2023:11:29:09 +0000] "POST /book HTTP/1.1" 400 50 "-" "PostmanRuntime/7.31.1"
::1 - - [24/Feb/2023:11:29:17 +0000] "POST /book HTTP/1.1" 200 143 "-" "PostmanRuntime/7.31.1"
::1 - - [24/Feb/2023:11:29:38 +0000] "PATCH /book/1677237591882 HTTP/1.1" 404 58 "-" "PostmanRuntime/7.31.1"
::1 - - [24/Feb/2023:11:30:37 +0000] "PATCH /book/1677238157479 HTTP/1.1" 400 45 "-" "PostmanRuntime/7.31.1"
::1 - - [24/Feb/2023:11:30:45 +0000] "PATCH /book/1677238157479 HTTP/1.1" 400 45 "-" "PostmanRuntime/7.31.1"
::1 - - [24/Feb/2023:11:31:07 +0000] "POST /book HTTP/1.1" 400 38 "-" "PostmanRuntime/7.31.1"
::1 - - [24/Feb/2023:11:32:04 +0000] "POST /book HTTP/1.1" 400 38 "-" "PostmanRuntime/7.31.1"
::1 - - [24/Feb/2023:11:32:12 +0000] "POST /book HTTP/1.1" 400 50 "-" "PostmanRuntime/7.31.1"
::1 - - [24/Feb/2023:11:32:17 +0000] "POST /book HTTP/1.1" 200 140 "-" "PostmanRuntime/7.31.1"
::1 - - [24/Feb/2023:11:32:27 +0000] "PATCH /book/1677238157479 HTTP/1.1" 200 155 "-" "PostmanRuntime/7.31.1"
::1 - - [24/Feb/2023:11:35:48 +0000] "POST /author HTTP/1.1" 200 86 "-" "PostmanRuntime/7.31.1"
::1 - - [24/Feb/2023:11:36:02 +0000] "POST /book HTTP/1.1" 500 1197 "-" "PostmanRuntime/7.31.1"
::1 - - [24/Feb/2023:11:36:11 +0000] "POST /book HTTP/1.1" 500 1197 "-" "PostmanRuntime/7.31.1"
::1 - - [24/Feb/2023:11:37:20 +0000] "POST /author HTTP/1.1" 200 86 "-" "PostmanRuntime/7.31.1"
::1 - - [24/Feb/2023:11:37:29 +0000] "POST /book HTTP/1.1" 400 42 "-" "PostmanRuntime/7.31.1"
::1 - - [24/Feb/2023:11:37:32 +0000] "POST /book HTTP/1.1" 200 140 "-" "PostmanRuntime/7.31.1"
::1 - - [24/Feb/2023:11:37:39 +0000] "POST /book HTTP/1.1" 500 1169 "-" "PostmanRuntime/7.31.1"
::1 - - [24/Feb/2023:11:38:52 +0000] "POST /author HTTP/1.1" 200 86 "-" "PostmanRuntime/7.31.1"
::1 - - [24/Feb/2023:11:38:58 +0000] "POST /book HTTP/1.1" 400 42 "-" "PostmanRuntime/7.31.1"
::1 - - [24/Feb/2023:11:39:03 +0000] "POST /book HTTP/1.1" 200 140 "-" "PostmanRuntime/7.31.1"
::1 - - [24/Feb/2023:11:39:05 +0000] "POST /book HTTP/1.1" 500 1169 "-" "PostmanRuntime/7.31.1"
::1 - - [24/Feb/2023:11:39:57 +0000] "POST /author HTTP/1.1" 200 86 "-" "PostmanRuntime/7.31.1"
::1 - - [24/Feb/2023:11:40:05 +0000] "POST /book HTTP/1.1" 400 42 "-" "PostmanRuntime/7.31.1"
::1 - - [24/Feb/2023:11:40:11 +0000] "POST /book HTTP/1.1" 200 140 "-" "PostmanRuntime/7.31.1"
::1 - - [24/Feb/2023:11:40:13 +0000] "POST /book HTTP/1.1" 500 1172 "-" "PostmanRuntime/7.31.1"
::1 - - [24/Feb/2023:11:43:48 +0000] "POST /author HTTP/1.1" 200 86 "-" "PostmanRuntime/7.31.1"
::1 - - [24/Feb/2023:11:43:52 +0000] "POST /author HTTP/1.1" 400 51 "-" "PostmanRuntime/7.31.1"
::1 - - [24/Feb/2023:11:44:01 +0000] "POST /book HTTP/1.1" 200 140 "-" "PostmanRuntime/7.31.1"
::1 - - [24/Feb/2023:11:44:03 +0000] "POST /book HTTP/1.1" 500 1162 "-" "PostmanRuntime/7.31.1"
::1 - - [24/Feb/2023:11:44:41 +0000] "POST /author HTTP/1.1" 200 86 "-" "PostmanRuntime/7.31.1"
::1 - - [24/Feb/2023:11:44:48 +0000] "POST /book HTTP/1.1" 200 140 "-" "PostmanRuntime/7.31.1"
::1 - - [24/Feb/2023:11:44:50 +0000] "POST /book HTTP/1.1" 500 1169 "-" "PostmanRuntime/7.31.1"
::1 - - [24/Feb/2023:11:45:17 +0000] "POST /author HTTP/1.1" 200 86 "-" "PostmanRuntime/7.31.1"
::1 - - [24/Feb/2023:11:45:27 +0000] "POST /book HTTP/1.1" 200 140 "-" "PostmanRuntime/7.31.1"
::1 - - [24/Feb/2023:11:45:29 +0000] "POST /book HTTP/1.1" 400 38 "-" "PostmanRuntime/7.31.1"
::1 - - [24/Feb/2023:11:45:59 +0000] "POST /book HTTP/1.1" 400 38 "-" "PostmanRuntime/7.31.1"
::1 - - [24/Feb/2023:11:46:06 +0000] "POST /book HTTP/1.1" 400 50 "-" "PostmanRuntime/7.31.1"
::1 - - [24/Feb/2023:11:47:32 +0000] "POST /author HTTP/1.1" 200 86 "-" "PostmanRuntime/7.31.1"
::1 - - [24/Feb/2023:11:47:43 +0000] "POST /book HTTP/1.1" 200 142 "-" "PostmanRuntime/7.31.1"
::1 - - [24/Feb/2023:11:47:48 +0000] "POST /book HTTP/1.1" 400 53 "-" "PostmanRuntime/7.31.1"
::1 - - [24/Feb/2023:11:48:01 +0000] "POST /book HTTP/1.1" 200 142 "-" "PostmanRuntime/7.31.1"
::1 - - [24/Feb/2023:11:48:35 +0000] "PATCH /book/1677239281447 HTTP/1.1" 400 45 "-" "PostmanRuntime/7.31.1"
::1 - - [24/Feb/2023:11:50:08 +0000] "POST /author HTTP/1.1" 200 86 "-" "PostmanRuntime/7.31.1"
::1 - - [24/Feb/2023:11:50:21 +0000] "POST /book HTTP/1.1" 200 142 "-" "PostmanRuntime/7.31.1"
::1 - - [24/Feb/2023:11:50:42 +0000] "PATCH /book/1677239421470 HTTP/1.1" 200 155 "-" "PostmanRuntime/7.31.1"
::1 - - [24/Feb/2023:11:50:56 +0000] "PATCH /book/1677239421470 HTTP/1.1" 400 45 "-" "PostmanRuntime/7.31.1"
::1 - - [24/Feb/2023:11:51:44 +0000] "PATCH /book/1677239421470 HTTP/1.1" 400 45 "-" "PostmanRuntime/7.31.1"
::1 - - [24/Feb/2023:11:51:49 +0000] "PATCH /book/1677239421470 HTTP/1.1" 400 45 "-" "PostmanRuntime/7.31.1"
::1 - - [24/Feb/2023:11:51:56 +0000] "PATCH /book/1677239421470 HTTP/1.1" 400 53 "-" "PostmanRuntime/7.31.1"
::1 - - [24/Feb/2023:11:52:09 +0000] "PATCH /book/1677239421470 HTTP/1.1" 200 156 "-" "PostmanRuntime/7.31.1"
::1 - - [24/Feb/2023:11:52:28 +0000] "GET /book HTTP/1.1" 200 91 "-" "PostmanRuntime/7.31.1"
::1 - - [24/Feb/2023:11:52:43 +0000] "POST /book HTTP/1.1" 400 53 "-" "PostmanRuntime/7.31.1"
::1 - - [24/Feb/2023:11:52:52 +0000] "POST /book HTTP/1.1" 200 141 "-" "PostmanRuntime/7.31.1"
::1 - - [24/Feb/2023:11:52:59 +0000] "GET /author/1677233351760 HTTP/1.1" 404 46 "-" "PostmanRuntime/7.31.1"
::1 - - [24/Feb/2023:11:53:07 +0000] "GET /book HTTP/1.1" 200 179 "-" "PostmanRuntime/7.31.1"
::1 - - [24/Feb/2023:11:54:02 +0000] "POST /author HTTP/1.1" 200 86 "-" "PostmanRuntime/7.31.1"
::1 - - [24/Feb/2023:11:54:10 +0000] "POST /book HTTP/1.1" 200 141 "-" "PostmanRuntime/7.31.1"
::1 - - [24/Feb/2023:11:54:12 +0000] "POST /book HTTP/1.1" 400 53 "-" "PostmanRuntime/7.31.1"
::1 - - [24/Feb/2023:11:54:18 +0000] "POST /book HTTP/1.1" 400 50 "-" "PostmanRuntime/7.31.1"
::1 - - [24/Feb/2023:11:54:32 +0000] "PATCH /book/1677239421470 HTTP/1.1" 404 58 "-" "PostmanRuntime/7.31.1"
::1 - - [24/Feb/2023:11:54:51 +0000] "GET /book HTTP/1.1" 200 89 "-" "PostmanRuntime/7.31.1"
::1 - - [24/Feb/2023:11:55:05 +0000] "PATCH /book/1677239650956 HTTP/1.1" 200 156 "-" "PostmanRuntime/7.31.1"
::1 - - [24/Feb/2023:11:55:20 +0000] "POST /book HTTP/1.1" 200 141 "-" "PostmanRuntime/7.31.1"
::1 - - [24/Feb/2023:11:56:40 +0000] "POST /book HTTP/1.1" 400 50 "-" "PostmanRuntime/7.31.1"
::1 - - [24/Feb/2023:11:57:35 +0000] "POST /book HTTP/1.1" 200 141 "-" "PostmanRuntime/7.31.1"
::1 - - [24/Feb/2023:11:58:33 +0000] "GET /book HTTP/1.1" 200 267 "-" "PostmanRuntime/7.31.1"
::1 - - [24/Feb/2023:11:59:48 +0000] "POST /author HTTP/1.1" 200 86 "-" "PostmanRuntime/7.31.1"
::1 - - [24/Feb/2023:12:00:03 +0000] "POST /book HTTP/1.1" 200 141 "-" "PostmanRuntime/7.31.1"
::1 - - [24/Feb/2023:12:00:11 +0000] "POST /book HTTP/1.1" 400 50 "-" "PostmanRuntime/7.31.1"
::1 - - [24/Feb/2023:12:00:17 +0000] "POST /book HTTP/1.1" 200 142 "-" "PostmanRuntime/7.31.1"
::1 - - [24/Feb/2023:12:00:32 +0000] "GET /book HTTP/1.1" 200 178 "-" "PostmanRuntime/7.31.1"
::1 - - [24/Feb/2023:12:00:46 +0000] "POST /book HTTP/1.1" 200 142 "-" "PostmanRuntime/7.31.1"
::1 - - [24/Feb/2023:12:02:23 +0000] "POST /author HTTP/1.1" 200 86 "-" "PostmanRuntime/7.31.1"
::1 - - [24/Feb/2023:12:02:31 +0000] "POST /book HTTP/1.1" 500 1209 "-" "PostmanRuntime/7.31.1"
::1 - - [24/Feb/2023:12:04:17 +0000] "POST /author HTTP/1.1" 200 86 "-" "PostmanRuntime/7.31.1"
::1 - - [24/Feb/2023:12:04:28 +0000] "POST /book HTTP/1.1" 500 1209 "-" "PostmanRuntime/7.31.1"
::1 - - [24/Feb/2023:12:05:05 +0000] "POST /author HTTP/1.1" 200 86 "-" "PostmanRuntime/7.31.1"
::1 - - [24/Feb/2023:12:05:13 +0000] "POST /book HTTP/1.1" 200 142 "-" "PostmanRuntime/7.31.1"
::1 - - [24/Feb/2023:12:06:38 +0000] "POST /author HTTP/1.1" 200 86 "-" "PostmanRuntime/7.31.1"
::1 - - [24/Feb/2023:12:06:49 +0000] "POST /book HTTP/1.1" 200 142 "-" "PostmanRuntime/7.31.1"
::1 - - [24/Feb/2023:12:07:18 +0000] "POST /book HTTP/1.1" 500 1169 "-" "PostmanRuntime/7.31.1"
::1 - - [24/Feb/2023:12:10:13 +0000] "POST /author HTTP/1.1" 200 86 "-" "PostmanRuntime/7.31.1"
::1 - - [24/Feb/2023:12:10:20 +0000] "POST /book HTTP/1.1" 200 142 "-" "PostmanRuntime/7.31.1"
::1 - - [24/Feb/2023:12:10:23 +0000] "POST /book HTTP/1.1" 400 53 "-" "PostmanRuntime/7.31.1"
::1 - - [24/Feb/2023:12:10:35 +0000] "POST /book HTTP/1.1" 400 53 "-" "PostmanRuntime/7.31.1"
